Using pre-set license

 COMMAND LINE ARGUMENTS:
/Applications/Unity/Unity.app/Contents/MacOS/Unity
-adb2
-batchMode
-noUpm
-name
AssetImportWorker0
-projectPath
/Users/cslab-mbp-two/Documents/cart315_Prototype3
-logFile
Logs/AssetImportWorker0.log
-srvPort
49592
Successfully changed project path to: /Users/cslab-mbp-two/Documents/cart315_Prototype3
/Users/cslab-mbp-two/Documents/cart315_Prototype3
Using Asset Import Pipeline V2.
Refreshing native plugins compatible for Editor in 34.08 ms, found 1 plugins.
Preloading 0 native plugins for Editor in 0.00 ms.
Initialize engine version: 2020.2.1f1 (270dd8c3da1c)
[Subsystems] Discovering subsystems at path /Applications/Unity/Unity.app/Contents/Resources/UnitySubsystems
[Subsystems] Discovering subsystems at path /Users/cslab-mbp-two/Documents/cart315_Prototype3/Assets
GfxDevice: creating device client; threaded=0
2021-02-27 15:02:19.576 Unity[1131:56810] Color LCD preferred device: Intel Iris Pro Graphics (low power)
2021-02-27 15:02:19.576 Unity[1131:56810] Metal devices available: 1
2021-02-27 15:02:19.576 Unity[1131:56810] 0: Intel Iris Pro Graphics (low power)
2021-02-27 15:02:19.577 Unity[1131:56810] Using device Intel Iris Pro Graphics (low power)
Initializing Metal device caps: Intel Iris Pro Graphics
Initialize mono
Mono path[0] = '/Applications/Unity/Unity.app/Contents/Managed'
Mono path[1] = '/Applications/Unity/Unity.app/Contents/MonoBleedingEdge/lib/mono/unityjit'
Mono config path = '/Applications/Unity/Unity.app/Contents/MonoBleedingEdge/etc'
Using monoOptions --debugger-agent=transport=dt_socket,embedding=1,server=y,suspend=n,address=127.0.0.1:56131
Begin MonoManager ReloadAssembly
Registering precompiled unity dll's ...
Register platform support module: /Applications/Unity/Unity.app/Contents/PlaybackEngines/MacStandaloneSupport/UnityEditor.OSXStandalone.Extensions.dll
Registered in 0.000464 seconds.
Native extension for OSXStandalone target not found
Refreshing native plugins compatible for Editor in 34.67 ms, found 1 plugins.
Preloading 0 native plugins for Editor in 0.00 ms.
Invoked RoslynAnalysisRunner static constructor.
RoslynAnalysisRunner will not be running.
RoslynAnalysisRunner has terminated.
Mono: successfully reloaded assembly
- Completed reload, in  1.692 seconds
Platform modules already initialized, skipping
Registering precompiled user dll's ...
Registered in 0.000415 seconds.
Begin MonoManager ReloadAssembly
Native extension for OSXStandalone target not found
Refreshing native plugins compatible for Editor in 0.40 ms, found 1 plugins.
Preloading 0 native plugins for Editor in 0.00 ms.
Invoked RoslynAnalysisRunner static constructor.
RoslynAnalysisRunner will not be running.
RoslynAnalysisRunner has terminated.
Mono: successfully reloaded assembly
- Completed reload, in  1.165 seconds
Platform modules already initialized, skipping
========================================================================
Worker process is ready to serve import requests
Launching external process: /Applications/Unity/Unity.app/Contents/Tools/UnityShaderCompiler
Launched and connected shader compiler UnityShaderCompiler after 0.02 seconds
Refreshing native plugins compatible for Editor in 0.24 ms, found 1 plugins.
Preloading 0 native plugins for Editor in 0.00 ms.
Unloading 1094 Unused Serialized files (Serialized files now loaded: 0)
System memory in use before: 105.6 MB.
System memory in use after: 105.7 MB.

Unloading 10 unused Assets to reduce memory usage. Loaded Objects now: 1535.
Total: 2.813033 ms (FindLiveObjects: 0.244831 ms CreateObjectMapping: 0.090123 ms MarkObjects: 2.374593 ms  DeleteObjects: 0.101820 ms)

========================================================================
Received Import Request.
  path: Assets
  artifactKey: Guid(00000000000000001000000000000000) Importer(815301076,1909f56bfc062723c751e8b465ee728b)
Start importing Assets using Guid(00000000000000001000000000000000) Importer(815301076,1909f56bfc062723c751e8b465ee728b)  -> (artifact id: 'e1a2c4dac9df7c17871e19a3b74f0e9f') in 0.004989 seconds
  Import took 0.008314 seconds .

========================================================================
Received Import Request.
  Time since last request: 15.406591 seconds.
  path: Assets/PlayerMove.cs
  artifactKey: Guid(cfeb658317d0d4d97a03b3ebf09437e6) Importer(815301076,1909f56bfc062723c751e8b465ee728b)
Start importing Assets/PlayerMove.cs using Guid(cfeb658317d0d4d97a03b3ebf09437e6) Importer(815301076,1909f56bfc062723c751e8b465ee728b)  -> (artifact id: '727083a1c33429377c3eb8db91d4a483') in 0.077361 seconds
  Import took 0.081346 seconds .

========================================================================
Received Prepare
Registering precompiled user dll's ...
Registered in 0.000378 seconds.
Begin MonoManager ReloadAssembly
Native extension for OSXStandalone target not found
Refreshing native plugins compatible for Editor in 0.23 ms, found 1 plugins.
Preloading 0 native plugins for Editor in 0.00 ms.
Invoked RoslynAnalysisRunner static constructor.
RoslynAnalysisRunner will not be running.
RoslynAnalysisRunner has terminated.
Mono: successfully reloaded assembly
- Completed reload, in  1.056 seconds
Platform modules already initialized, skipping
Refreshing native plugins compatible for Editor in 0.61 ms, found 1 plugins.
Preloading 0 native plugins for Editor in 0.00 ms.
Unloading 1090 Unused Serialized files (Serialized files now loaded: 0)
System memory in use before: 107.0 MB.
System memory in use after: 107.1 MB.

Unloading 5 unused Assets to reduce memory usage. Loaded Objects now: 1538.
Total: 1.981558 ms (FindLiveObjects: 0.245327 ms CreateObjectMapping: 0.042201 ms MarkObjects: 1.646489 ms  DeleteObjects: 0.046247 ms)

========================================================================
Received Import Request.
  Time since last request: 70.663082 seconds.
  path: Assets/PlayerMove.cs
  artifactKey: Guid(cfeb658317d0d4d97a03b3ebf09437e6) Importer(815301076,1909f56bfc062723c751e8b465ee728b)
Start importing Assets/PlayerMove.cs using Guid(cfeb658317d0d4d97a03b3ebf09437e6) Importer(815301076,1909f56bfc062723c751e8b465ee728b)  -> (artifact id: 'ebc3a1bba42fbb2851bb22381b5268e7') in 0.008056 seconds
  Import took 0.010783 seconds .

========================================================================
Received Prepare
Registering precompiled user dll's ...
Registered in 0.000352 seconds.
Begin MonoManager ReloadAssembly
Native extension for OSXStandalone target not found
Refreshing native plugins compatible for Editor in 0.24 ms, found 1 plugins.
Preloading 0 native plugins for Editor in 0.00 ms.
Invoked RoslynAnalysisRunner static constructor.
RoslynAnalysisRunner will not be running.
RoslynAnalysisRunner has terminated.
Mono: successfully reloaded assembly
- Completed reload, in  1.024 seconds
Platform modules already initialized, skipping
Refreshing native plugins compatible for Editor in 0.26 ms, found 1 plugins.
Preloading 0 native plugins for Editor in 0.00 ms.
Unloading 1090 Unused Serialized files (Serialized files now loaded: 0)
System memory in use before: 107.4 MB.
System memory in use after: 107.5 MB.

Unloading 5 unused Assets to reduce memory usage. Loaded Objects now: 1540.
Total: 2.597866 ms (FindLiveObjects: 0.392388 ms CreateObjectMapping: 0.065968 ms MarkObjects: 2.077639 ms  DeleteObjects: 0.059919 ms)

========================================================================
Received Prepare
Registering precompiled user dll's ...
Registered in 0.000405 seconds.
Begin MonoManager ReloadAssembly
Native extension for OSXStandalone target not found
Refreshing native plugins compatible for Editor in 0.24 ms, found 1 plugins.
Preloading 0 native plugins for Editor in 0.00 ms.
Invoked RoslynAnalysisRunner static constructor.
RoslynAnalysisRunner will not be running.
RoslynAnalysisRunner has terminated.
Mono: successfully reloaded assembly
- Completed reload, in  1.064 seconds
Platform modules already initialized, skipping
Refreshing native plugins compatible for Editor in 0.23 ms, found 1 plugins.
Preloading 0 native plugins for Editor in 0.00 ms.
Unloading 1091 Unused Serialized files (Serialized files now loaded: 0)
System memory in use before: 107.8 MB.
System memory in use after: 107.9 MB.

Unloading 5 unused Assets to reduce memory usage. Loaded Objects now: 1543.
Total: 2.363861 ms (FindLiveObjects: 0.227912 ms CreateObjectMapping: 0.054085 ms MarkObjects: 2.012628 ms  DeleteObjects: 0.067053 ms)

========================================================================
Received Import Request.
  Time since last request: 146.641894 seconds.
  path: Assets/PlayerMove(AWSD).cs
  artifactKey: Guid(bba3e7e3cf5094628a04aeece43a15f6) Importer(815301076,1909f56bfc062723c751e8b465ee728b)
Start importing Assets/PlayerMove(AWSD).cs using Guid(bba3e7e3cf5094628a04aeece43a15f6) Importer(815301076,1909f56bfc062723c751e8b465ee728b)  -> (artifact id: '2a7b0a8d11c0d55bdf43f639103c9ce7') in 0.006242 seconds
  Import took 0.008826 seconds .

========================================================================
Received Prepare
Registering precompiled user dll's ...
Registered in 0.000430 seconds.
Begin MonoManager ReloadAssembly
Native extension for OSXStandalone target not found
Refreshing native plugins compatible for Editor in 0.24 ms, found 1 plugins.
Preloading 0 native plugins for Editor in 0.00 ms.
Invoked RoslynAnalysisRunner static constructor.
RoslynAnalysisRunner will not be running.
RoslynAnalysisRunner has terminated.
Mono: successfully reloaded assembly
- Completed reload, in  1.007 seconds
Platform modules already initialized, skipping
Refreshing native plugins compatible for Editor in 0.22 ms, found 1 plugins.
Preloading 0 native plugins for Editor in 0.00 ms.
Unloading 1091 Unused Serialized files (Serialized files now loaded: 0)
System memory in use before: 108.1 MB.
System memory in use after: 108.2 MB.

Unloading 5 unused Assets to reduce memory usage. Loaded Objects now: 1545.
Total: 2.701689 ms (FindLiveObjects: 0.270367 ms CreateObjectMapping: 0.068759 ms MarkObjects: 2.293751 ms  DeleteObjects: 0.065617 ms)

========================================================================
Received Import Request.
  Time since last request: 578.529318 seconds.
  path: Assets/PlayerMove(AWSD).cs
  artifactKey: Guid(bba3e7e3cf5094628a04aeece43a15f6) Importer(815301076,1909f56bfc062723c751e8b465ee728b)
Start importing Assets/PlayerMove(AWSD).cs using Guid(bba3e7e3cf5094628a04aeece43a15f6) Importer(815301076,1909f56bfc062723c751e8b465ee728b)  -> (artifact id: '4dee69b8ba9f956a33e0febe94d94ad0') in 0.004454 seconds
  Import took 0.006798 seconds .

========================================================================
Received Import Request.
  Time since last request: 0.031558 seconds.
  path: Assets/PlayerMove(AWSD).cs
  artifactKey: Guid(bba3e7e3cf5094628a04aeece43a15f6) Importer(815301076,1909f56bfc062723c751e8b465ee728b)
Start importing Assets/PlayerMove(AWSD).cs using Guid(bba3e7e3cf5094628a04aeece43a15f6) Importer(815301076,1909f56bfc062723c751e8b465ee728b)  -> (artifact id: '4dee69b8ba9f956a33e0febe94d94ad0') in 0.001148 seconds
  Import took 0.003538 seconds .

========================================================================
Received Prepare
Registering precompiled user dll's ...
Registered in 0.000401 seconds.
Begin MonoManager ReloadAssembly
Native extension for OSXStandalone target not found
Refreshing native plugins compatible for Editor in 0.27 ms, found 1 plugins.
Preloading 0 native plugins for Editor in 0.00 ms.
Invoked RoslynAnalysisRunner static constructor.
RoslynAnalysisRunner will not be running.
RoslynAnalysisRunner has terminated.
Mono: successfully reloaded assembly
- Completed reload, in  1.019 seconds
Platform modules already initialized, skipping
Refreshing native plugins compatible for Editor in 0.23 ms, found 1 plugins.
Preloading 0 native plugins for Editor in 0.00 ms.
Unloading 1091 Unused Serialized files (Serialized files now loaded: 0)
System memory in use before: 108.5 MB.
System memory in use after: 108.6 MB.

Unloading 5 unused Assets to reduce memory usage. Loaded Objects now: 1547.
Total: 2.443132 ms (FindLiveObjects: 0.257424 ms CreateObjectMapping: 0.055894 ms MarkObjects: 2.070761 ms  DeleteObjects: 0.056900 ms)

========================================================================
Received Import Request.
  Time since last request: 40.069597 seconds.
  path: Assets/PlayerMove(AWSD).cs
  artifactKey: Guid(bba3e7e3cf5094628a04aeece43a15f6) Importer(815301076,1909f56bfc062723c751e8b465ee728b)
Start importing Assets/PlayerMove(AWSD).cs using Guid(bba3e7e3cf5094628a04aeece43a15f6) Importer(815301076,1909f56bfc062723c751e8b465ee728b)  -> (artifact id: 'bdc73bebd06472bf60a69391ed5f9508') in 0.005615 seconds
  Import took 0.008907 seconds .

========================================================================
Received Import Request.
  Time since last request: 9.637179 seconds.
  path: Assets/Player2Move.cs
  artifactKey: Guid(bba3e7e3cf5094628a04aeece43a15f6) Importer(815301076,1909f56bfc062723c751e8b465ee728b)
Start importing Assets/Player2Move.cs using Guid(bba3e7e3cf5094628a04aeece43a15f6) Importer(815301076,1909f56bfc062723c751e8b465ee728b)  -> (artifact id: '2d00e33cfc309e1b57bd3faa1441292d') in 0.001646 seconds
  Import took 0.003798 seconds .

========================================================================
Received Prepare
Registering precompiled user dll's ...
Registered in 0.000368 seconds.
Begin MonoManager ReloadAssembly
Native extension for OSXStandalone target not found
Refreshing native plugins compatible for Editor in 0.25 ms, found 1 plugins.
Preloading 0 native plugins for Editor in 0.00 ms.
Invoked RoslynAnalysisRunner static constructor.
RoslynAnalysisRunner will not be running.
RoslynAnalysisRunner has terminated.
Mono: successfully reloaded assembly
- Completed reload, in  1.010 seconds
Platform modules already initialized, skipping
Refreshing native plugins compatible for Editor in 0.22 ms, found 1 plugins.
Preloading 0 native plugins for Editor in 0.00 ms.
Unloading 1091 Unused Serialized files (Serialized files now loaded: 0)
System memory in use before: 108.9 MB.
System memory in use after: 109.0 MB.

Unloading 5 unused Assets to reduce memory usage. Loaded Objects now: 1549.
Total: 2.408413 ms (FindLiveObjects: 0.228506 ms CreateObjectMapping: 0.054662 ms MarkObjects: 2.066791 ms  DeleteObjects: 0.056598 ms)

========================================================================
Received Prepare
Registering precompiled user dll's ...
Registered in 0.000393 seconds.
Begin MonoManager ReloadAssembly
Native extension for OSXStandalone target not found
Refreshing native plugins compatible for Editor in 0.26 ms, found 1 plugins.
Preloading 0 native plugins for Editor in 0.00 ms.
Invoked RoslynAnalysisRunner static constructor.
RoslynAnalysisRunner will not be running.
RoslynAnalysisRunner has terminated.
Mono: successfully reloaded assembly
- Completed reload, in  1.280 seconds
Platform modules already initialized, skipping
Refreshing native plugins compatible for Editor in 0.25 ms, found 1 plugins.
Preloading 0 native plugins for Editor in 0.00 ms.
Unloading 1091 Unused Serialized files (Serialized files now loaded: 0)
System memory in use before: 109.2 MB.
System memory in use after: 109.3 MB.

Unloading 5 unused Assets to reduce memory usage. Loaded Objects now: 1551.
Total: 2.840085 ms (FindLiveObjects: 0.249873 ms CreateObjectMapping: 0.094416 ms MarkObjects: 2.427279 ms  DeleteObjects: 0.064180 ms)

